<?xml version="1.0" encoding="UTF-8"?>
<testng-results skipped="0" failed="1" ignored="0" total="5" passed="4">
  <reporter-output>
  </reporter-output>
  <suite name="Default suite" duration-ms="42241" started-at="2019-09-11T05:52:33Z" finished-at="2019-09-11T05:53:15Z">
    <groups>
    </groups>
    <test name="Default test" duration-ms="42241" started-at="2019-09-11T05:52:33Z" finished-at="2019-09-11T05:53:15Z">
      <class name="com.qa.testcases.AmazonMainPageTest">
        <test-method status="PASS" signature="setUp()[pri:0, instance:com.qa.testcases.AmazonMainPageTest@204f30ec]" name="setUp" is-config="true" duration-ms="9361" started-at="2019-09-11T11:22:33Z" finished-at="2019-09-11T11:22:42Z">
          <reporter-output>
          </reporter-output>
        </test-method> <!-- setUp -->
        <test-method status="PASS" signature="verifyAmazonTitlePageTest()[pri:1, instance:com.qa.testcases.AmazonMainPageTest@204f30ec]" name="verifyAmazonTitlePageTest" duration-ms="1357" started-at="2019-09-11T11:22:42Z" finished-at="2019-09-11T11:22:43Z">
          <reporter-output>
          </reporter-output>
        </test-method> <!-- verifyAmazonTitlePageTest -->
        <test-method status="PASS" signature="searchItemTest()[pri:2, instance:com.qa.testcases.AmazonMainPageTest@204f30ec]" name="searchItemTest" duration-ms="6038" started-at="2019-09-11T11:22:43Z" finished-at="2019-09-11T11:22:49Z">
          <reporter-output>
          </reporter-output>
        </test-method> <!-- searchItemTest -->
        <test-method status="PASS" signature="selectAppleIphone()[pri:3, instance:com.qa.testcases.AmazonMainPageTest@204f30ec]" name="selectAppleIphone" duration-ms="888" started-at="2019-09-11T11:22:49Z" finished-at="2019-09-11T11:22:50Z">
          <reporter-output>
          </reporter-output>
        </test-method> <!-- selectAppleIphone -->
        <test-method status="PASS" signature="getPrice()[pri:4, instance:com.qa.testcases.AmazonMainPageTest@204f30ec]" name="getPrice" duration-ms="1465" started-at="2019-09-11T11:22:50Z" finished-at="2019-09-11T11:22:52Z">
          <reporter-output>
          </reporter-output>
        </test-method> <!-- getPrice -->
        <test-method status="FAIL" signature="nevigateToFlipkartFormAzazon()[pri:5, instance:com.qa.testcases.AmazonMainPageTest@204f30ec]" name="nevigateToFlipkartFormAzazon" duration-ms="23092" started-at="2019-09-11T11:22:52Z" finished-at="2019-09-11T11:23:15Z">
          <exception class="java.lang.AssertionError">
            <message>
              <![CDATA[expected [36999.0] but found [35999.0]]]>
            </message>
            <full-stacktrace>
              <![CDATA[java.lang.AssertionError: expected [36999.0] but found [35999.0]
	at org.testng.Assert.fail(Assert.java:94)
	at org.testng.Assert.failNotEquals(Assert.java:513)
	at org.testng.Assert.assertEqualsImpl(Assert.java:135)
	at org.testng.Assert.assertEquals(Assert.java:116)
	at org.testng.Assert.assertEquals(Assert.java:179)
	at com.qa.testcases.AmazonMainPageTest.nevigateToFlipkartFormAzazon(AmazonMainPageTest.java:93)
	at sun.reflect.NativeMethodAccessorImpl.invoke0(Native Method)
	at sun.reflect.NativeMethodAccessorImpl.invoke(NativeMethodAccessorImpl.java:62)
	at sun.reflect.DelegatingMethodAccessorImpl.invoke(DelegatingMethodAccessorImpl.java:43)
	at java.lang.reflect.Method.invoke(Method.java:498)
	at org.testng.internal.MethodInvocationHelper.invokeMethod(MethodInvocationHelper.java:104)
	at org.testng.internal.Invoker.invokeMethod(Invoker.java:645)
	at org.testng.internal.Invoker.invokeTestMethod(Invoker.java:851)
	at org.testng.internal.Invoker.invokeTestMethods(Invoker.java:1177)
	at org.testng.internal.TestMethodWorker.invokeTestMethods(TestMethodWorker.java:129)
	at org.testng.internal.TestMethodWorker.run(TestMethodWorker.java:112)
	at org.testng.TestRunner.privateRun(TestRunner.java:756)
	at org.testng.TestRunner.run(TestRunner.java:610)
	at org.testng.SuiteRunner.runTest(SuiteRunner.java:387)
	at org.testng.SuiteRunner.runSequentially(SuiteRunner.java:382)
	at org.testng.SuiteRunner.privateRun(SuiteRunner.java:340)
	at org.testng.SuiteRunner.run(SuiteRunner.java:289)
	at org.testng.SuiteRunnerWorker.runSuite(SuiteRunnerWorker.java:52)
	at org.testng.SuiteRunnerWorker.run(SuiteRunnerWorker.java:86)
	at org.testng.TestNG.runSuitesSequentially(TestNG.java:1293)
	at org.testng.TestNG.runSuitesLocally(TestNG.java:1218)
	at org.testng.TestNG.runSuites(TestNG.java:1133)
	at org.testng.TestNG.run(TestNG.java:1104)
	at org.testng.remote.AbstractRemoteTestNG.run(AbstractRemoteTestNG.java:126)
	at org.testng.remote.RemoteTestNG.initAndRun(RemoteTestNG.java:152)
	at org.testng.remote.RemoteTestNG.main(RemoteTestNG.java:57)
]]>
            </full-stacktrace>
          </exception> <!-- java.lang.AssertionError -->
          <reporter-output>
          </reporter-output>
        </test-method> <!-- nevigateToFlipkartFormAzazon -->
      </class> <!-- com.qa.testcases.AmazonMainPageTest -->
    </test> <!-- Default test -->
  </suite> <!-- Default suite -->
</testng-results>
